  main.cpp
E:\OneDrive - dongguk.edu\CSE_Study\개인 프로젝트\Algorithm-For-PS\K-Shortest-Paths\Undirected-Graph\main.cpp(72,26): warning C4244: '초기화 중': 'double'에서 'const WeightGraph::lint'(으)로 변환하면서 데이터가 손실될 수 있습니다.
E:\OneDrive - dongguk.edu\CSE_Study\개인 프로젝트\Algorithm-For-PS\K-Shortest-Paths\Undirected-Graph\main.cpp(73,26): warning C4244: '초기화 중': 'double'에서 'const WeightGraph::lint'(으)로 변환하면서 데이터가 손실될 수 있습니다.
E:\OneDrive - dongguk.edu\CSE_Study\개인 프로젝트\Algorithm-For-PS\K-Shortest-Paths\Undirected-Graph\main.cpp(100,1): warning C4267: '=': 'size_t'에서 'int'(으)로 변환하면서 데이터가 손실될 수 있습니다.
C:\Program Files\Microsoft Visual Studio\2022\Community\VC\Tools\MSVC\14.32.31326\include\utility(190,16): warning C4244: '초기화 중': '_Ty'에서 '_Ty1'(으)로 변환하면서 데이터가 손실될 수 있습니다.
          with
          [
              _Ty=double
          ]
          and
          [
              _Ty1=PersistentHeap::lint
          ]
E:\OneDrive - dongguk.edu\CSE_Study\개인 프로젝트\Algorithm-For-PS\K-Shortest-Paths\Undirected-Graph\main.cpp(24): message : 컴파일되는 함수 템플릿 인스턴스화 'std::pair<PersistentHeap::lint,PersistentHeap::lint>::pair<double,double,0>(_Other1 &&,_Other2 &&) noexcept'에 대한 참조를 확인하세요.
          with
          [
              _Other1=double,
              _Other2=double
          ]
E:\OneDrive - dongguk.edu\CSE_Study\개인 프로젝트\Algorithm-For-PS\K-Shortest-Paths\Undirected-Graph\main.cpp(24): message : 컴파일되는 함수 템플릿 인스턴스화 'std::pair<PersistentHeap::lint,PersistentHeap::lint>::pair<double,double,0>(_Other1 &&,_Other2 &&) noexcept'에 대한 참조를 확인하세요.
          with
          [
              _Other1=double,
              _Other2=double
          ]
C:\Program Files\Microsoft Visual Studio\2022\Community\VC\Tools\MSVC\14.32.31326\include\utility(190,54): warning C4244: '초기화 중': '_Ty'에서 '_Ty2'(으)로 변환하면서 데이터가 손실될 수 있습니다.
          with
          [
              _Ty=double
          ]
          and
          [
              _Ty2=PersistentHeap::lint
          ]
  Undirected-Graph.vcxproj -> E:\OneDrive - dongguk.edu\CSE_Study\개인 프로젝트\Algorithm-For-PS\K-Shortest-Paths\Undirected-Graph\x64\Debug\Undirected-Graph.exe
